Using pre-set license
Built from '2020.3/release' branch; Version is '2020.3.12f1 (b3b2c6512326) revision 11776710'; Using compiler version '192528614'; Build Type 'Release'
OS: 'Windows 10 Home; OS build 19043.1237; Version 2009; 64bit' Language: 'en' Physical Memory: 16126 MB
BatchMode: 1, IsHumanControllingUs: 0, StartBugReporterOnCrash: 0, Is64bit: 1, IsPro: 0

 COMMAND LINE ARGUMENTS:
C:\Program Files\Unity\Hub\Editor\2020.3.12f1\Editor\Unity.exe
-adb2
-batchMode
-noUpm
-name
AssetImportWorker0
-projectPath
D:/Unity/2D/Bits
-logFile
Logs/AssetImportWorker0.log
-srvPort
49458
Successfully changed project path to: D:/Unity/2D/Bits
D:/Unity/2D/Bits
Using Asset Import Pipeline V2.
Refreshing native plugins compatible for Editor in 45.93 ms, found 3 plugins.
Preloading 0 native plugins for Editor in 0.00 ms.
Initialize engine version: 2020.3.12f1 (b3b2c6512326)
[Subsystems] Discovering subsystems at path C:/Program Files/Unity/Hub/Editor/2020.3.12f1/Editor/Data/Resources/UnitySubsystems
[Subsystems] Discovering subsystems at path D:/Unity/2D/Bits/Assets
GfxDevice: creating device client; threaded=0
Direct3D:
    Version:  Direct3D 11.0 [level 11.1]
    Renderer: NVIDIA GeForce RTX 2070 (ID=0x1f02)
    Vendor:   
    VRAM:     8031 MB
    Driver:   27.21.14.6231
Initialize mono
Mono path[0] = 'C:/Program Files/Unity/Hub/Editor/2020.3.12f1/Editor/Data/Managed'
Mono path[1] = 'C:/Program Files/Unity/Hub/Editor/2020.3.12f1/Editor/Data/MonoBleedingEdge/lib/mono/unityjit'
Mono config path = 'C:/Program Files/Unity/Hub/Editor/2020.3.12f1/Editor/Data/MonoBleedingEdge/etc'
Using monoOptions --debugger-agent=transport=dt_socket,embedding=1,server=y,suspend=n,address=127.0.0.1:56524
Begin MonoManager ReloadAssembly
Registering precompiled unity dll's ...
Register platform support module: C:/Program Files/Unity/Hub/Editor/2020.3.12f1/Editor/Data/PlaybackEngines/WebGLSupport/UnityEditor.WebGL.Extensions.dll
Register platform support module: C:/Program Files/Unity/Hub/Editor/2020.3.12f1/Editor/Data/PlaybackEngines/WindowsStandaloneSupport/UnityEditor.WindowsStandalone.Extensions.dll
Registered in 0.002177 seconds.
Native extension for WindowsStandalone target not found
Native extension for WebGL target not found
Refreshing native plugins compatible for Editor in 30.94 ms, found 3 plugins.
Preloading 0 native plugins for Editor in 0.00 ms.
Mono: successfully reloaded assembly
- Completed reload, in  0.990 seconds
Platform modules already initialized, skipping
Registering precompiled user dll's ...
Registered in 0.002843 seconds.
Begin MonoManager ReloadAssembly
Native extension for WindowsStandalone target not found
Native extension for WebGL target not found
Refreshing native plugins compatible for Editor in 30.39 ms, found 3 plugins.
Preloading 0 native plugins for Editor in 0.00 ms.
Mono: successfully reloaded assembly
- Completed reload, in  0.961 seconds
Platform modules already initialized, skipping
========================================================================
Worker process is ready to serve import requests
Launched and connected shader compiler UnityShaderCompiler.exe after 0.03 seconds
Refreshing native plugins compatible for Editor in 0.37 ms, found 3 plugins.
Preloading 0 native plugins for Editor in 0.00 ms.
Unloading 2080 Unused Serialized files (Serialized files now loaded: 0)
System memory in use before: 92.8 MB.
System memory in use after: 92.8 MB.

Unloading 33 unused Assets to reduce memory usage. Loaded Objects now: 2513.
Total: 1.791200 ms (FindLiveObjects: 0.156800 ms CreateObjectMapping: 0.065100 ms MarkObjects: 1.474000 ms  DeleteObjects: 0.094600 ms)

AssetImportParameters requested are different than current active one (requested -> active):
  custom:framework-win-MediaFoundation: 216162199b28c13a410421893ffa2e32 -> 
  custom:video-decoder-ogg-theora: a1e56fd34408186e4bbccfd4996cb3dc -> 
  custom:container-muxer-webm: aa71ff27fc2769a1b78a27578f13a17b -> 
  custom:container-demuxer-webm: 4f35f7cbe854078d1ac9338744f61a02 -> 
  custom:container-demuxer-ogg: 62fdf1f143b41e24485cea50d1cbac27 -> 
  custom:video-encoder-webm-vp8: eb34c28f22e8b96e1ab97ce403110664 -> 
  custom:video-codec-MediaFoundation-h265: 746d11721c4dcdbdad8f713fa42b33f4 -> 
  custom:video-decoder-webm-vp8: 9c59270c3fd7afecdb556c50c9e8de78 -> 
  custom:audio-decoder-ogg-vorbis: bf7c407c2cedff20999df2af8eb42d56 -> 
  custom:audio-encoder-webm-vorbis: bf7c407c2cedff20999df2af8eb42d56 -> 
========================================================================
Received Import Request.
  path: Assets/Scenes
  artifactKey: Guid(981d69f61de09eb4681ddca0415a741e) Importer(815301076,1909f56bfc062723c751e8b465ee728b)
Start importing Assets/Scenes using Guid(981d69f61de09eb4681ddca0415a741e) Importer(815301076,1909f56bfc062723c751e8b465ee728b)  -> (artifact id: '036e32758f7f533f820132312e2fc40a') in 0.021946 seconds 
  Import took 0.024255 seconds .

========================================================================
Received Import Request.
  Time since last request: 9.579891 seconds.
  path: Assets/Scenes/Menu.unity
  artifactKey: Guid(4931dfc9ac2a83e4db517a0048ee76d7) Importer(815301076,1909f56bfc062723c751e8b465ee728b)
Start importing Assets/Scenes/Menu.unity using Guid(4931dfc9ac2a83e4db517a0048ee76d7) Importer(815301076,1909f56bfc062723c751e8b465ee728b)  -> (artifact id: '2a1ad843b4968a27459fad835d78604e') in 0.029029 seconds 
  Import took 0.031637 seconds .

========================================================================
Received Import Request.
  Time since last request: 1.211407 seconds.
  path: Assets/Scenes/SampleScene.unity
  artifactKey: Guid(2cda990e2423bbf4892e6590ba056729) Importer(815301076,1909f56bfc062723c751e8b465ee728b)
Start importing Assets/Scenes/SampleScene.unity using Guid(2cda990e2423bbf4892e6590ba056729) Importer(815301076,1909f56bfc062723c751e8b465ee728b)  -> (artifact id: 'aa27944bdea339c97c39027c7eea529c') in 0.026684 seconds 
  Import took 0.029216 seconds .

========================================================================
Received Import Request.
  Time since last request: 21.224683 seconds.
  path: Assets/Scenes/SampleScene.unity
  artifactKey: Guid(2cda990e2423bbf4892e6590ba056729) Importer(815301076,1909f56bfc062723c751e8b465ee728b)
Start importing Assets/Scenes/SampleScene.unity using Guid(2cda990e2423bbf4892e6590ba056729) Importer(815301076,1909f56bfc062723c751e8b465ee728b)  -> (artifact id: 'b9fa0b607c43d12d5d8081a89de6beb5') in 0.025768 seconds 
  Import took 0.028326 seconds .

========================================================================
Received Import Request.
  Time since last request: 25.294708 seconds.
  path: Assets
  artifactKey: Guid(00000000000000001000000000000000) Importer(815301076,1909f56bfc062723c751e8b465ee728b)
Start importing Assets using Guid(00000000000000001000000000000000) Importer(815301076,1909f56bfc062723c751e8b465ee728b)  -> (artifact id: '42d402b061de3733987d63b9cc3b64de') in 0.021483 seconds 
  Import took 0.024041 seconds .

========================================================================
Received Import Request.
  Time since last request: 5.566767 seconds.
  path: Assets/Script
  artifactKey: Guid(204627ddef8b1ff4cafed44e35e18de6) Importer(815301076,1909f56bfc062723c751e8b465ee728b)
Start importing Assets/Script using Guid(204627ddef8b1ff4cafed44e35e18de6) Importer(815301076,1909f56bfc062723c751e8b465ee728b)  -> (artifact id: 'b30c790ed0403c7088b3e5747f4e481f') in 0.020530 seconds 
  Import took 0.023117 seconds .

========================================================================
Received Import Request.
  Time since last request: 31.079363 seconds.
  path: Assets/Script/SceneManagerScript.cs
  artifactKey: Guid(05e7d5d831a7b694cbe28f96e7b6c657) Importer(815301076,1909f56bfc062723c751e8b465ee728b)
Start importing Assets/Script/SceneManagerScript.cs using Guid(05e7d5d831a7b694cbe28f96e7b6c657) Importer(815301076,1909f56bfc062723c751e8b465ee728b)  -> (artifact id: '472b1b504f85df23e84117d0ff65ef64') in 0.038945 seconds 
  Import took 0.041500 seconds .

========================================================================
Received Prepare
Registering precompiled user dll's ...
Registered in 0.002674 seconds.
Begin MonoManager ReloadAssembly
Native extension for WindowsStandalone target not found
Native extension for WebGL target not found
Refreshing native plugins compatible for Editor in 0.46 ms, found 3 plugins.
Preloading 0 native plugins for Editor in 0.00 ms.
Mono: successfully reloaded assembly
- Completed reload, in  1.165 seconds
Platform modules already initialized, skipping
Refreshing native plugins compatible for Editor in 0.36 ms, found 3 plugins.
Preloading 0 native plugins for Editor in 0.00 ms.
Unloading 2076 Unused Serialized files (Serialized files now loaded: 0)
System memory in use before: 92.8 MB.
System memory in use after: 92.8 MB.

Unloading 21 unused Assets to reduce memory usage. Loaded Objects now: 2518.
Total: 1.829000 ms (FindLiveObjects: 0.169500 ms CreateObjectMapping: 0.065800 ms MarkObjects: 1.516700 ms  DeleteObjects: 0.076100 ms)

AssetImportParameters requested are different than current active one (requested -> active):
  custom:framework-win-MediaFoundation: 216162199b28c13a410421893ffa2e32 -> 
  custom:video-decoder-ogg-theora: a1e56fd34408186e4bbccfd4996cb3dc -> 
  custom:container-muxer-webm: aa71ff27fc2769a1b78a27578f13a17b -> 
  custom:container-demuxer-webm: 4f35f7cbe854078d1ac9338744f61a02 -> 
  custom:container-demuxer-ogg: 62fdf1f143b41e24485cea50d1cbac27 -> 
  custom:video-encoder-webm-vp8: eb34c28f22e8b96e1ab97ce403110664 -> 
  custom:video-codec-MediaFoundation-h265: 746d11721c4dcdbdad8f713fa42b33f4 -> 
  custom:video-decoder-webm-vp8: 9c59270c3fd7afecdb556c50c9e8de78 -> 
  custom:audio-decoder-ogg-vorbis: bf7c407c2cedff20999df2af8eb42d56 -> 
  custom:audio-encoder-webm-vorbis: bf7c407c2cedff20999df2af8eb42d56 -> 
========================================================================
Received Import Request.
  Time since last request: 157.144038 seconds.
  path: Assets/Script/SceneManagerScript.cs
  artifactKey: Guid(05e7d5d831a7b694cbe28f96e7b6c657) Importer(815301076,1909f56bfc062723c751e8b465ee728b)
Start importing Assets/Script/SceneManagerScript.cs using Guid(05e7d5d831a7b694cbe28f96e7b6c657) Importer(815301076,1909f56bfc062723c751e8b465ee728b)  -> (artifact id: 'f17146eed7d6de4a3880f50d6b30b190') in 0.028528 seconds 
  Import took 0.031413 seconds .

========================================================================
Received Import Request.
  Time since last request: 0.003525 seconds.
  path: Assets/Script/SceneManagerScript.cs
  artifactKey: Guid(05e7d5d831a7b694cbe28f96e7b6c657) Importer(815301076,1909f56bfc062723c751e8b465ee728b)
Start importing Assets/Script/SceneManagerScript.cs using Guid(05e7d5d831a7b694cbe28f96e7b6c657) Importer(815301076,1909f56bfc062723c751e8b465ee728b)  -> (artifact id: 'f17146eed7d6de4a3880f50d6b30b190') in 0.026277 seconds 
  Import took 0.028982 seconds .

========================================================================
Received Prepare
Registering precompiled user dll's ...
Registered in 0.002698 seconds.
Begin MonoManager ReloadAssembly
Native extension for WindowsStandalone target not found
Native extension for WebGL target not found
Refreshing native plugins compatible for Editor in 0.37 ms, found 3 plugins.
Preloading 0 native plugins for Editor in 0.00 ms.
Mono: successfully reloaded assembly
- Completed reload, in  0.867 seconds
Platform modules already initialized, skipping
Refreshing native plugins compatible for Editor in 0.36 ms, found 3 plugins.
Preloading 0 native plugins for Editor in 0.00 ms.
Unloading 2076 Unused Serialized files (Serialized files now loaded: 0)
System memory in use before: 92.9 MB.
System memory in use after: 92.9 MB.

Unloading 21 unused Assets to reduce memory usage. Loaded Objects now: 2522.
Total: 1.917400 ms (FindLiveObjects: 0.167400 ms CreateObjectMapping: 0.061000 ms MarkObjects: 1.610800 ms  DeleteObjects: 0.077300 ms)

AssetImportParameters requested are different than current active one (requested -> active):
  custom:framework-win-MediaFoundation: 216162199b28c13a410421893ffa2e32 -> 
  custom:video-decoder-ogg-theora: a1e56fd34408186e4bbccfd4996cb3dc -> 
  custom:container-muxer-webm: aa71ff27fc2769a1b78a27578f13a17b -> 
  custom:container-demuxer-webm: 4f35f7cbe854078d1ac9338744f61a02 -> 
  custom:container-demuxer-ogg: 62fdf1f143b41e24485cea50d1cbac27 -> 
  custom:video-encoder-webm-vp8: eb34c28f22e8b96e1ab97ce403110664 -> 
  custom:video-codec-MediaFoundation-h265: 746d11721c4dcdbdad8f713fa42b33f4 -> 
  custom:video-decoder-webm-vp8: 9c59270c3fd7afecdb556c50c9e8de78 -> 
  custom:audio-decoder-ogg-vorbis: bf7c407c2cedff20999df2af8eb42d56 -> 
  custom:audio-encoder-webm-vorbis: bf7c407c2cedff20999df2af8eb42d56 -> 
========================================================================
Received Import Request.
  Time since last request: 14.874775 seconds.
  path: Assets/Script/SceneManagerScript.cs
  artifactKey: Guid(05e7d5d831a7b694cbe28f96e7b6c657) Importer(815301076,1909f56bfc062723c751e8b465ee728b)
Start importing Assets/Script/SceneManagerScript.cs using Guid(05e7d5d831a7b694cbe28f96e7b6c657) Importer(815301076,1909f56bfc062723c751e8b465ee728b)  -> (artifact id: 'afdecff36ceef8cd939848a9a8d39da7') in 0.024288 seconds 
  Import took 0.026704 seconds .

========================================================================
Received Import Request.
  Time since last request: 227.219354 seconds.
  path: Assets/Scenes/Menu 1.unity
  artifactKey: Guid(19938becde9805d42878d1018672fbe3) Importer(815301076,1909f56bfc062723c751e8b465ee728b)
Start importing Assets/Scenes/Menu 1.unity using Guid(19938becde9805d42878d1018672fbe3) Importer(815301076,1909f56bfc062723c751e8b465ee728b)  -> (artifact id: 'e30b1be1058dd372f149ec65a1775309') in 0.028334 seconds 
  Import took 0.030979 seconds .

========================================================================
Received Import Request.
  Time since last request: 0.000789 seconds.
  path: Assets/Scenes/Menu 1.unity
  artifactKey: Guid(19938becde9805d42878d1018672fbe3) Importer(815301076,1909f56bfc062723c751e8b465ee728b)
Start importing Assets/Scenes/Menu 1.unity using Guid(19938becde9805d42878d1018672fbe3) Importer(815301076,1909f56bfc062723c751e8b465ee728b)  -> (artifact id: 'e30b1be1058dd372f149ec65a1775309') in 0.028413 seconds 
  Import took 0.030814 seconds .

========================================================================
Received Import Request.
  Time since last request: 4.973890 seconds.
  path: Assets/Scenes/Game.unity
  artifactKey: Guid(19938becde9805d42878d1018672fbe3) Importer(815301076,1909f56bfc062723c751e8b465ee728b)
Start importing Assets/Scenes/Game.unity using Guid(19938becde9805d42878d1018672fbe3) Importer(815301076,1909f56bfc062723c751e8b465ee728b)  -> (artifact id: '70c4ef2ba52fa8e07e21d3ad80fc34b4') in 0.024732 seconds 
  Import took 0.027355 seconds .

========================================================================
Received Import Request.
  Time since last request: 19.083911 seconds.
  path: Assets/Scenes/Menu.unity
  artifactKey: Guid(4931dfc9ac2a83e4db517a0048ee76d7) Importer(815301076,1909f56bfc062723c751e8b465ee728b)
Start importing Assets/Scenes/Menu.unity using Guid(4931dfc9ac2a83e4db517a0048ee76d7) Importer(815301076,1909f56bfc062723c751e8b465ee728b)  -> (artifact id: '7382b45f75ba4e971e2b6c2c71b1373f') in 0.034605 seconds 
  Import took 0.037261 seconds .

========================================================================
Received Import Request.
  Time since last request: 243.464814 seconds.
  path: Assets/Scenes/Game.unity
  artifactKey: Guid(19938becde9805d42878d1018672fbe3) Importer(815301076,1909f56bfc062723c751e8b465ee728b)
Start importing Assets/Scenes/Game.unity using Guid(19938becde9805d42878d1018672fbe3) Importer(815301076,1909f56bfc062723c751e8b465ee728b)  -> (artifact id: '75061153d4859d895b00026c2143cf93') in 0.026871 seconds 
  Import took 0.029623 seconds .

========================================================================
Received Import Request.
  Time since last request: 0.014798 seconds.
  path: Assets/Scenes/Game.unity
  artifactKey: Guid(19938becde9805d42878d1018672fbe3) Importer(815301076,1909f56bfc062723c751e8b465ee728b)
Start importing Assets/Scenes/Game.unity using Guid(19938becde9805d42878d1018672fbe3) Importer(815301076,1909f56bfc062723c751e8b465ee728b)  -> (artifact id: '75061153d4859d895b00026c2143cf93') in 0.024595 seconds 
  Import took 0.027065 seconds .

========================================================================
Received Prepare
Registering precompiled user dll's ...
Registered in 0.009170 seconds.
Begin MonoManager ReloadAssembly
Native extension for WindowsStandalone target not found
Native extension for WebGL target not found
Refreshing native plugins compatible for Editor in 0.38 ms, found 3 plugins.
Preloading 0 native plugins for Editor in 0.00 ms.
Mono: successfully reloaded assembly
- Completed reload, in  0.879 seconds
Platform modules already initialized, skipping
Refreshing native plugins compatible for Editor in 0.38 ms, found 3 plugins.
Preloading 0 native plugins for Editor in 0.00 ms.
Unloading 2089 Unused Serialized files (Serialized files now loaded: 0)
System memory in use before: 94.9 MB.
System memory in use after: 94.2 MB.

Unloading 34 unused Assets to reduce memory usage. Loaded Objects now: 2526.
Total: 2.197000 ms (FindLiveObjects: 0.168000 ms CreateObjectMapping: 0.067500 ms MarkObjects: 1.681400 ms  DeleteObjects: 0.279400 ms)

AssetImportParameters requested are different than current active one (requested -> active):
  custom:framework-win-MediaFoundation: 216162199b28c13a410421893ffa2e32 -> 
  custom:video-decoder-ogg-theora: a1e56fd34408186e4bbccfd4996cb3dc -> 
  custom:container-muxer-webm: aa71ff27fc2769a1b78a27578f13a17b -> 
  custom:container-demuxer-webm: 4f35f7cbe854078d1ac9338744f61a02 -> 
  custom:container-demuxer-ogg: 62fdf1f143b41e24485cea50d1cbac27 -> 
  custom:video-encoder-webm-vp8: eb34c28f22e8b96e1ab97ce403110664 -> 
  custom:video-codec-MediaFoundation-h265: 746d11721c4dcdbdad8f713fa42b33f4 -> 
  custom:video-decoder-webm-vp8: 9c59270c3fd7afecdb556c50c9e8de78 -> 
  custom:audio-decoder-ogg-vorbis: bf7c407c2cedff20999df2af8eb42d56 -> 
  custom:audio-encoder-webm-vorbis: bf7c407c2cedff20999df2af8eb42d56 -> 
========================================================================
Received Import Request.
  Time since last request: 240.013887 seconds.
  path: Assets/Materials
  artifactKey: Guid(0210c2589f305794687f474068d0a642) Importer(815301076,1909f56bfc062723c751e8b465ee728b)
Start importing Assets/Materials using Guid(0210c2589f305794687f474068d0a642) Importer(815301076,1909f56bfc062723c751e8b465ee728b)  -> (artifact id: '0ddcb87a9c89c5ffd85ec78d30adb5b7') in 0.029361 seconds 
  Import took 0.032199 seconds .

========================================================================
Received Import Request.
  Time since last request: 0.000289 seconds.
  path: Assets/Materials
  artifactKey: Guid(0210c2589f305794687f474068d0a642) Importer(815301076,1909f56bfc062723c751e8b465ee728b)
Start importing Assets/Materials using Guid(0210c2589f305794687f474068d0a642) Importer(815301076,1909f56bfc062723c751e8b465ee728b)  -> (artifact id: '0ddcb87a9c89c5ffd85ec78d30adb5b7') in 0.025283 seconds 
  Import took 0.027624 seconds .

========================================================================
Received Import Request.
  Time since last request: 8.268331 seconds.
  path: Assets/Materials/Border'.mat
  artifactKey: Guid(cf717629b49777d4d9965ff7c6196674) Importer(815301076,1909f56bfc062723c751e8b465ee728b)
Start importing Assets/Materials/Border'.mat using Guid(cf717629b49777d4d9965ff7c6196674) Importer(815301076,1909f56bfc062723c751e8b465ee728b)  -> (artifact id: '1105f6dece6aa78ca030ed71f4f36b0c') in 0.106655 seconds 
  Import took 0.109198 seconds .

========================================================================
Received Import Request.
  Time since last request: 3.503694 seconds.
  path: Assets/Materials/Border.mat
  artifactKey: Guid(cf717629b49777d4d9965ff7c6196674) Importer(815301076,1909f56bfc062723c751e8b465ee728b)
Start importing Assets/Materials/Border.mat using Guid(cf717629b49777d4d9965ff7c6196674) Importer(815301076,1909f56bfc062723c751e8b465ee728b)  -> (artifact id: '4b1d33c73e4d708add9809c57e6dc105') in 0.066284 seconds 
  Import took 0.068850 seconds .

========================================================================
Received Prepare
Registering precompiled user dll's ...
Registered in 0.003567 seconds.
Begin MonoManager ReloadAssembly
Native extension for WindowsStandalone target not found
Native extension for WebGL target not found
Refreshing native plugins compatible for Editor in 0.38 ms, found 3 plugins.
Preloading 0 native plugins for Editor in 0.00 ms.
Mono: successfully reloaded assembly
- Completed reload, in  0.919 seconds
Platform modules already initialized, skipping
Refreshing native plugins compatible for Editor in 0.37 ms, found 3 plugins.
Preloading 0 native plugins for Editor in 0.00 ms.
Unloading 2090 Unused Serialized files (Serialized files now loaded: 0)
System memory in use before: 98.2 MB.
System memory in use after: 97.5 MB.

Unloading 34 unused Assets to reduce memory usage. Loaded Objects now: 2571.
Total: 2.019500 ms (FindLiveObjects: 0.172900 ms CreateObjectMapping: 0.067500 ms MarkObjects: 1.496700 ms  DeleteObjects: 0.281600 ms)

AssetImportParameters requested are different than current active one (requested -> active):
  custom:framework-win-MediaFoundation: 216162199b28c13a410421893ffa2e32 -> 
  custom:video-decoder-ogg-theora: a1e56fd34408186e4bbccfd4996cb3dc -> 
  custom:container-muxer-webm: aa71ff27fc2769a1b78a27578f13a17b -> 
  custom:container-demuxer-webm: 4f35f7cbe854078d1ac9338744f61a02 -> 
  custom:container-demuxer-ogg: 62fdf1f143b41e24485cea50d1cbac27 -> 
  custom:video-encoder-webm-vp8: eb34c28f22e8b96e1ab97ce403110664 -> 
  custom:video-codec-MediaFoundation-h265: 746d11721c4dcdbdad8f713fa42b33f4 -> 
  custom:video-decoder-webm-vp8: 9c59270c3fd7afecdb556c50c9e8de78 -> 
  custom:audio-decoder-ogg-vorbis: bf7c407c2cedff20999df2af8eb42d56 -> 
  custom:audio-encoder-webm-vorbis: bf7c407c2cedff20999df2af8eb42d56 -> 
========================================================================
Received Prepare
Registering precompiled user dll's ...
Registered in 0.002606 seconds.
Begin MonoManager ReloadAssembly
Native extension for WindowsStandalone target not found
Native extension for WebGL target not found
Refreshing native plugins compatible for Editor in 0.38 ms, found 3 plugins.
Preloading 0 native plugins for Editor in 0.00 ms.
Mono: successfully reloaded assembly
- Completed reload, in  0.891 seconds
Platform modules already initialized, skipping
Refreshing native plugins compatible for Editor in 0.39 ms, found 3 plugins.
Preloading 0 native plugins for Editor in 0.00 ms.
Unloading 2090 Unused Serialized files (Serialized files now loaded: 0)
System memory in use before: 98.2 MB.
System memory in use after: 97.5 MB.

Unloading 34 unused Assets to reduce memory usage. Loaded Objects now: 2575.
Total: 2.228500 ms (FindLiveObjects: 0.186900 ms CreateObjectMapping: 0.070200 ms MarkObjects: 1.642300 ms  DeleteObjects: 0.328400 ms)

AssetImportParameters requested are different than current active one (requested -> active):
  custom:framework-win-MediaFoundation: 216162199b28c13a410421893ffa2e32 -> 
  custom:video-decoder-ogg-theora: a1e56fd34408186e4bbccfd4996cb3dc -> 
  custom:container-muxer-webm: aa71ff27fc2769a1b78a27578f13a17b -> 
  custom:container-demuxer-webm: 4f35f7cbe854078d1ac9338744f61a02 -> 
  custom:container-demuxer-ogg: 62fdf1f143b41e24485cea50d1cbac27 -> 
  custom:video-encoder-webm-vp8: eb34c28f22e8b96e1ab97ce403110664 -> 
  custom:video-codec-MediaFoundation-h265: 746d11721c4dcdbdad8f713fa42b33f4 -> 
  custom:video-decoder-webm-vp8: 9c59270c3fd7afecdb556c50c9e8de78 -> 
  custom:audio-decoder-ogg-vorbis: bf7c407c2cedff20999df2af8eb42d56 -> 
  custom:audio-encoder-webm-vorbis: bf7c407c2cedff20999df2af8eb42d56 -> 
========================================================================
Received Import Request.
  Time since last request: 847.124244 seconds.
  path: Assets/Scripts
  artifactKey: Guid(204627ddef8b1ff4cafed44e35e18de6) Importer(815301076,1909f56bfc062723c751e8b465ee728b)
Start importing Assets/Scripts using Guid(204627ddef8b1ff4cafed44e35e18de6) Importer(815301076,1909f56bfc062723c751e8b465ee728b)  -> (artifact id: '8e897eddd82f48054bfcab014a8e56a6') in 0.023720 seconds 
  Import took 0.026181 seconds .

========================================================================
Received Prepare
Registering precompiled user dll's ...
Registered in 0.003734 seconds.
Begin MonoManager ReloadAssembly
Native extension for WindowsStandalone target not found
Native extension for WebGL target not found
Refreshing native plugins compatible for Editor in 0.40 ms, found 3 plugins.
Preloading 0 native plugins for Editor in 0.00 ms.
Mono: successfully reloaded assembly
- Completed reload, in  0.986 seconds
Platform modules already initialized, skipping
Refreshing native plugins compatible for Editor in 0.38 ms, found 3 plugins.
Preloading 0 native plugins for Editor in 0.00 ms.
Unloading 2090 Unused Serialized files (Serialized files now loaded: 0)
System memory in use before: 98.2 MB.
System memory in use after: 97.5 MB.

Unloading 34 unused Assets to reduce memory usage. Loaded Objects now: 2579.
Total: 2.117200 ms (FindLiveObjects: 0.182300 ms CreateObjectMapping: 0.072700 ms MarkObjects: 1.542000 ms  DeleteObjects: 0.319400 ms)

AssetImportParameters requested are different than current active one (requested -> active):
  custom:framework-win-MediaFoundation: 216162199b28c13a410421893ffa2e32 -> 
  custom:video-decoder-ogg-theora: a1e56fd34408186e4bbccfd4996cb3dc -> 
  custom:container-muxer-webm: aa71ff27fc2769a1b78a27578f13a17b -> 
  custom:container-demuxer-webm: 4f35f7cbe854078d1ac9338744f61a02 -> 
  custom:container-demuxer-ogg: 62fdf1f143b41e24485cea50d1cbac27 -> 
  custom:video-encoder-webm-vp8: eb34c28f22e8b96e1ab97ce403110664 -> 
  custom:video-codec-MediaFoundation-h265: 746d11721c4dcdbdad8f713fa42b33f4 -> 
  custom:video-decoder-webm-vp8: 9c59270c3fd7afecdb556c50c9e8de78 -> 
  custom:audio-decoder-ogg-vorbis: bf7c407c2cedff20999df2af8eb42d56 -> 
  custom:audio-encoder-webm-vorbis: bf7c407c2cedff20999df2af8eb42d56 -> 
========================================================================
Received Import Request.
  Time since last request: 5.687292 seconds.
  path: Assets/Scripts/PlayerMovement.cs
  artifactKey: Guid(b36841894103e4d41ae4043a9313e929) Importer(815301076,1909f56bfc062723c751e8b465ee728b)
Start importing Assets/Scripts/PlayerMovement.cs using Guid(b36841894103e4d41ae4043a9313e929) Importer(815301076,1909f56bfc062723c751e8b465ee728b)  -> (artifact id: 'f7dd2d72b455d21f7309bac05ba46a5c') in 0.026690 seconds 
  Import took 0.029415 seconds .

========================================================================
Received Import Request.
  Time since last request: 56.308774 seconds.
  path: Assets/Scripts/PlayerMovement.cs
  artifactKey: Guid(b36841894103e4d41ae4043a9313e929) Importer(815301076,1909f56bfc062723c751e8b465ee728b)
Start importing Assets/Scripts/PlayerMovement.cs using Guid(b36841894103e4d41ae4043a9313e929) Importer(815301076,1909f56bfc062723c751e8b465ee728b)  -> (artifact id: '9b8b8344818f8300f32af915c3a42e0c') in 0.023335 seconds 
  Import took 0.026178 seconds .

AssetImportWorkerClient::OnTransportError - code=2 error=End of file
